[debug] [2022-12-17T08:22:58.450Z] ----------------------------------------------------------------------
[debug] [2022-12-17T08:22:58.461Z] Command:       /usr/local/bin/node /home/bagus/.local/share/pnpm/global/5/node_modules/firebase-tools/lib/bin/firebase.js init
[debug] [2022-12-17T08:22:58.462Z] CLI Version:   11.18.0
[debug] [2022-12-17T08:22:58.462Z] Platform:      linux
[debug] [2022-12-17T08:22:58.463Z] Node Version:  v19.0.1
[debug] [2022-12-17T08:22:58.463Z] Time:          Sat Dec 17 2022 15:22:58 GMT+0700 (Western Indonesia Time)
[debug] [2022-12-17T08:22:58.463Z] ----------------------------------------------------------------------
[debug] 
[debug] [2022-12-17T08:22:58.572Z] > command requires scopes: ["email","openid","https://www.googleapis.com/auth/cloudplatformprojects.readonly","https://www.googleapis.com/auth/firebase","https://www.googleapis.com/auth/cloud-platform"]
[debug] [2022-12-17T08:22:58.573Z] > authorizing via signed-in user (baguspriyo727@gmail.com)
[info] 
     ######## #### ########  ######## ########     ###     ######  ########
     ##        ##  ##     ## ##       ##     ##  ##   ##  ##       ##
     ######    ##  ########  ######   ########  #########  ######  ######
     ##        ##  ##    ##  ##       ##     ## ##     ##       ## ##
     ##       #### ##     ## ######## ########  ##     ##  ######  ########

You're about to initialize a Firebase project in this directory:

  /home/bagus/frontend-deployment-final-project-v1

Before we get started, keep in mind:

  * You are initializing within an existing Firebase project directory

[info] 
=== Project Setup
[info] 
[info] First, let's associate this project directory with a Firebase project.
[info] You can create multiple project aliases by running firebase use --add, 
[info] but for now we'll just set up a default project.
[info] 
[debug] [2022-12-17T08:23:03.454Z] Using project from CLI flag: bagus-71637
[debug] [2022-12-17T08:23:03.458Z] >>> [apiv2][query] GET https://firebase.googleapis.com/v1beta1/projects/bagus-71637 [none]
[debug] [2022-12-17T08:23:04.049Z] <<< [apiv2][status] GET https://firebase.googleapis.com/v1beta1/projects/bagus-71637 200
[debug] [2022-12-17T08:23:04.049Z] <<< [apiv2][body] GET https://firebase.googleapis.com/v1beta1/projects/bagus-71637 {"projectId":"bagus-71637","projectNumber":"248151398556","displayName":"baguspriyofp","name":"projects/bagus-71637","resources":{"hostingSite":"bagus-71637"},"state":"ACTIVE","etag":"1_8ab37dd1-1869-4929-9780-b074d6217383"}
[info] i  Using project bagus-71637 (baguspriyofp) 
[info] 
=== Hosting Setup
[info] 
[info] Your public directory is the folder (relative to your project directory) that
[info] will contain Hosting assets to be uploaded with firebase deploy. If you
[info] have a build process for your assets, use your build's output directory.
[info] 
[debug] [2022-12-17T08:23:15.770Z] >>> [apiv2][query] GET https://www.gstatic.com/firebasejs/releases.json [none]
[debug] [2022-12-17T08:23:15.984Z] <<< [apiv2][status] GET https://www.gstatic.com/firebasejs/releases.json 200
[debug] [2022-12-17T08:23:15.984Z] <<< [apiv2][body] GET https://www.gstatic.com/firebasejs/releases.json {"current":{"version":"9.15.0","browserURL":"https://www.gstatic.com/firebasejs/9.15.0/firebase.js","packageURL":"https://www.gstatic.com/firebasejs/9.15.0/firebase.tgz"},"live":{"version":"9.15","browserURL":"https://www.gstatic.com/firebasejs/live/9.15/firebase.js","packageURL":"https://www.gstatic.com/firebasejs/live/9.15/firebase.tgz"},"components":{"analytics":"https://www.gstatic.com/firebasejs/9.15.0/firebase-analytics.js","app":"https://www.gstatic.com/firebasejs/9.15.0/firebase-app.js","app-check":"https://www.gstatic.com/firebasejs/9.15.0/firebase-app-check.js","auth":"https://www.gstatic.com/firebasejs/9.15.0/firebase-auth.js","auth/cordova":"https://www.gstatic.com/firebasejs/9.15.0/firebase-auth/cordova.js","auth/react-native":"https://www.gstatic.com/firebasejs/9.15.0/firebase-auth/react-native.js","functions":"https://www.gstatic.com/firebasejs/9.15.0/firebase-functions.js","firestore":"https://www.gstatic.com/firebasejs/9.15.0/firebase-firestore.js","firestore/lite":"https://www.gstatic.com/firebasejs/9.15.0/firebase-firestore/lite.js","installations":"https://www.gstatic.com/firebasejs/9.15.0/firebase-installations.js","storage":"https://www.gstatic.com/firebasejs/9.15.0/firebase-storage.js","performance":"https://www.gstatic.com/firebasejs/9.15.0/firebase-performance.js","remote-config":"https://www.gstatic.com/firebasejs/9.15.0/firebase-remote-config.js","messaging":"https://www.gstatic.com/firebasejs/9.15.0/firebase-messaging.js","messaging/sw":"https://www.gstatic.com/firebasejs/9.15.0/firebase-messaging/sw.js","database":"https://www.gstatic.com/firebasejs/9.15.0/firebase-database.js","firestore.memory":"https://www.gstatic.com/firebasejs/9.15.0/firebase-firestore.memory.js"}}
[info] i  Skipping write of public/index.html 
[info] 
[info] i  Detected a .git folder at /home/bagus 
[info] i  Authorizing with GitHub to upload your service account to a GitHub repository's secrets store. 
[info] 
[info] Visit this URL on this device to log in:
[info] https://github.com/login/oauth/authorize?client_id=89cf50f02ac6aaed3484&state=225854210&redirect_uri=http%3A%2F%2Flocalhost%3A9005&scope=read%3Auser%20repo%20public_repo
[info] 
[info] Waiting for authentication...
[debug] [2022-12-17T08:23:40.647Z] >>> [apiv2][query] POST https://github.com/login/oauth/access_token [none]
[debug] [2022-12-17T08:23:40.648Z] >>> [apiv2][body] POST https://github.com/login/oauth/access_token [stream]
[debug] [2022-12-17T08:23:41.309Z] <<< [apiv2][status] POST https://github.com/login/oauth/access_token 200
[debug] [2022-12-17T08:23:41.309Z] <<< [apiv2][body] POST https://github.com/login/oauth/access_token {"access_token":"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","token_type":"bearer","scope":"read:user,repo"}
[debug] [2022-12-17T08:23:41.324Z] >>> [apiv2][query] GET https://api.github.com/user [none]
[debug] [2022-12-17T08:23:41.926Z] <<< [apiv2][status] GET https://api.github.com/user 200
[debug] [2022-12-17T08:23:41.926Z] <<< [apiv2][body] GET https://api.github.com/user {"login":"baguspriyo","id":43813681,"node_id":"MDQ6VXNlcjQzODEzNjgx","avatar_url":"https://avatars.githubusercontent.com/u/43813681?v=4","gravatar_id":"","url":"https://api.github.com/users/baguspriyo","html_url":"https://github.com/baguspriyo","followers_url":"https://api.github.com/users/baguspriyo/followers","following_url":"https://api.github.com/users/baguspriyo/following{/other_user}","gists_url":"https://api.github.com/users/baguspriyo/gists{/gist_id}","starred_url":"https://api.github.com/users/baguspriyo/starred{/owner}{/repo}","subscriptions_url":"https://api.github.com/users/baguspriyo/subscriptions","organizations_url":"https://api.github.com/users/baguspriyo/orgs","repos_url":"https://api.github.com/users/baguspriyo/repos","events_url":"https://api.github.com/users/baguspriyo/events{/privacy}","received_events_url":"https://api.github.com/users/baguspriyo/received_events","type":"User","site_admin":false,"name":null,"company":null,"blog":"","location":null,"email":null,"hireable":null,"bio":null,"twitter_username":null,"public_repos":10,"public_gists":0,"followers":0,"following":0,"created_at":"2018-10-03T11:51:38Z","updated_at":"2022-12-17T07:22:11Z","private_gists":0,"total_private_repos":5,"owned_private_repos":5,"disk_usage":62493,"collaborators":1,"two_factor_authentication":false,"plan":{"name":"free","space":976562499,"collaborators":0,"private_repos":10000}}
[info] 
[info] ✔  Success! Logged into GitHub as baguspriyo 
[info] 
[debug] [2022-12-17T08:23:55.069Z] >>> [apiv2][query] GET https://api.github.com/repos/baguspriyo_assignmentfrontenddeploy/actions/secrets/public-key type=owner
[debug] [2022-12-17T08:23:55.953Z] <<< [apiv2][status] GET https://api.github.com/repos/baguspriyo_assignmentfrontenddeploy/actions/secrets/public-key 404
[debug] [2022-12-17T08:23:55.954Z] <<< [apiv2][body] GET https://api.github.com/repos/baguspriyo_assignmentfrontenddeploy/actions/secrets/public-key {"message":"Not Found","documentation_url":"https://docs.github.com/rest"}
